<?xml version="1.0" encoding="UTF-8"?>
<testng-results ignored="0" total="2" passed="2" failed="0" skipped="0">
  <reporter-output>
  </reporter-output>
  <suite started-at="2024-09-04T14:59:03 IST" name="Command line suite" finished-at="2024-09-04T14:59:03 IST" duration-ms="222">
    <groups>
    </groups>
    <test started-at="2024-09-04T14:59:03 IST" name="Command line test" finished-at="2024-09-04T14:59:03 IST" duration-ms="222">
      <class name="day46.YourTestClass">
        <test-method signature="testMethod1()[pri:0, instance:day46.YourTestClass@3ba987b8]" started-at="2024-09-04T14:59:03 IST" name="testMethod1" finished-at="2024-09-04T14:59:03 IST" duration-ms="3" status="PASS">
          <reporter-output>
          </reporter-output>
        </test-method> <!-- testMethod1 -->
        <test-method signature="testMethod2()[pri:0, instance:day46.YourTestClass@3ba987b8]" started-at="2024-09-04T14:59:03 IST" name="testMethod2" finished-at="2024-09-04T14:59:03 IST" duration-ms="0" status="PASS">
          <reporter-output>
          </reporter-output>
        </test-method> <!-- testMethod2 -->
      </class> <!-- day46.YourTestClass -->
    </test> <!-- Command line test -->
  </suite> <!-- Command line suite -->
</testng-results>
